// OFDM MU BW10 SCS60 SLOT4 FC4000 V3 DS0.1 TDLC MCS8 LEN6120 SIM10 SNR0 REAL TFEQMMSE
// OFDM MU BW10 SCS60 SLOT4 FC4000 V120 DS0.1 TDLC MCS8 LEN6120 SIM10 SNR0 REAL TFEQMMSE
// OFDM MU BW10 SCS60 SLOT4 FC4000 V200 DS0.1 TDLC MCS8 LEN6120 SIM10 SNR0 REAL TFEQMMSE
// // OFDM SU BW50 SCS120 SLOT1 FC30000 V500 DS0.266 TDLC MCS8 LEN6120 SIM1 SNR0 REAL TFEQZF
// // OFDM SU BW50 SCS120 SLOT1 FC30000 V500 DS0.266 TDLC MCS8 LEN6120 SIM1 SNR0 REAL TFEQMMSE
// OFDM MU BW10 SCS60 SLOT4 FC4000 V3 DS0.01 TDLE MCS8 LEN6120 SIM0 SNR0 REAL TFEQMMSE
// OFDM MU BW10 SCS60 SLOT4 FC4000 V120 DS0.01 TDLE MCS8 LEN6120 SIM10000 SNR0 REAL TFEQMMSE
// OFDM MU BW10 SCS60 SLOT4 FC4000 V200 DS0.01 TDLE MCS8 LEN6120 SIM10000 SNR0 REAL TFEQMMSE
// // OFDM SU BW50 SCS120 SLOT1 FC30000 V500 DS0.08 TDLE MCS8 LEN6120 SIM1 SNR0 REAL TFEQZF
// OTFS MU BW10 SCS60 SLOT4 FC4000 V3 DS0.1 TDLC MCS8 LEN6120 SIM10 SNR0 REAL TFEQMMSE
// OTFS MU BW10 SCS60 SLOT4 FC4000 V120 DS0.1 TDLC MCS8 LEN6120 SIM10 SNR0 REAL TFEQMMSE
// OTFS MU BW10 SCS60 SLOT4 FC4000 V200 DS0.1 TDLC MCS8 LEN6120 SIM10 SNR0 REAL TFEQMMSE
// // OTFS SU BW50 SCS120 SLOT1 FC30000 V500 DS0.266 TDLC MCS8 LEN6120 SIM1 SNR0 REAL TFEQZF
// ----
// for channel test tm
// // OTFS SU BW10 SCS15 SLOT1 FC4000 V500 DS0.1 TDLC MCS8 LEN6120 SIM10 SNR0 REAL TFEQMMSE
// // OTFS SU BW10 SCS15 SLOT1 FC4000 V500 DS0.1 TDLC MCS8 LEN6120 SIM10 SNR0 DDIMPULSE TFEQMMSE
// // OTFS SU BW10 SCS60 SLOT4 FC4000 V500 DS0.1 TDLC MCS8 LEN6120 SIM10 SNR0 REAL TFEQMMSE
// // OTFS SU BW10 SCS60 SLOT4 FC4000 V500 DS0.1 TDLC MCS8 LEN6120 SIM10 SNR0 DDIMPULSE TFEQMMSE
// // OTFS SU BW50 SCS60 SLOT1 FC30000 V500 DS0.266 TDLC MCS8 LEN6120 SIM10 SNR0 REAL TFEQMMSE
OTFS SU BW50 SCS60 SLOT1 FC30000 V100 DS0.266 TDLC MCS8 LEN6120 SIM1 SNR14 DDIMPULSE TFEQZF
// // OTFS SU BW50 SCS120 SLOT2 FC30000 V500 DS0.266 TDLC MCS8 LEN6120 SIM10 SNR0 REAL TFEQMMSE
// // OTFS SU BW50 SCS120 SLOT2 FC30000 V500 DS0.266 TDLC MCS8 LEN6120 SIM10 SNR0 DDIMPULSE TFEQMMSE
// // OTFS SU BW50 SCS120 SLOT2 FC30000 V500 DS0.08 TDLE MCS8 LEN6120 SIM1 SNR20 REAL TFEQMMSE
// // OTFS MU BW100 SCS60 SLOT4 FC30000 V500 DS0.08 TDLE MCS8 LEN4370 SIM1 SNR20 REAL TFEQMMSE
// ----
// OTFS MU BW10 SCS60 SLOT4 FC4000 V3 DS0.01 TDLE MCS8 LEN6120 SIM10 SNR0 REAL TFEQMMSE
// OTFS MU BW10 SCS60 SLOT4 FC4000 V120 DS0.01 TDLE MCS8 LEN6120 SIM2 SNR0 REAL TFEQMMSE
// OTFS MU BW10 SCS60 SLOT4 FC4000 V200 DS0.01 TDLE MCS8 LEN6120 SIM10000 SNR0 REAL TFEQMMSE
// // OTFS SU BW50 SCS120 SLOT1 FC30000 V500 DS0.08 TDLE MCS8 LEN6120 SIM1 SNR20 REAL TFEQMMSE
